#
# A fatal error has been detected by the Java Runtime Environment:
#
#  EXCEPTION_ACCESS_VIOLATION (0xc0000005) at pc=0x0000000063408f53, pid=14980, tid=3664
#
# JRE version: Java(TM) SE Runtime Environment (8.0_91-b14) (build 1.8.0_91-b14)
# Java VM: Java HotSpot(TM) 64-Bit Server VM (25.91-b14 mixed mode windows-amd64 compressed oops)
# Problematic frame:
# V  [jvm.dll+0x128f53]
#
# Failed to write core dump. Minidumps are not enabled by default on client versions of Windows
#
# If you would like to submit a bug report, please visit:
#   http://bugreport.java.com/bugreport/crash.jsp
#

---------------  T H R E A D  ---------------

Current thread (0x000000001948f000):  JavaThread "JDWP Transport Listener: dt_shmem" daemon [_thread_in_vm, id=3664, stack(0x0000000019c60000,0x0000000019d60000)]

siginfo: ExceptionCode=0xc0000005, reading address 0xffffffffffffffff

Registers:
RAX=0x0000000019d5f201, RBX=0x00ff480000000000, RCX=0x000000001c3a85a8, RDX=0x0000000000000000
RSP=0x0000000019d5f1b0, RBP=0x000000001c3a85a8, RSI=0x0000000019d5f2c8, RDI=0x00000000022f7ef0
R8 =0x000000001948f000, R9 =0x0000000000008000, R10=0x0000000019524b20, R11=0x000000001ae1940f
R12=0x0000000000000000, R13=0x000000001949a0c8, R14=0x0000000000000000, R15=0x0000000000000000
RIP=0x0000000063408f53, EFLAGS=0x0000000000010216

Top of Stack: (sp=0x0000000019d5f1b0)
0x0000000019d5f1b0:   000000001948f000 000000001af32800
0x0000000019d5f1c0:   0000000019d5f278 000000006360f32b
0x0000000019d5f1d0:   000000001948f000 000000006362bb8d
0x0000000019d5f1e0:   0000000000000000 0000000062d89155
0x0000000019d5f1f0:   000000001ae569f0 0000000062d9291e
0x0000000019d5f200:   000000001948f000 0000000000000000
0x0000000019d5f210:   0000000000000000 0000000000000000
0x0000000019d5f220:   000000001c3a85a8 0000000062d91a15
0x0000000019d5f230:   0000000019d5f2c8 0000000019d5f2a0
0x0000000019d5f240:   0000000000000001 000000001ae569f0
0x0000000019d5f250:   000000001c3a85a8 0000000062d753b3
0x0000000019d5f260:   0000000019d5f390 0000000000000001
0x0000000019d5f270:   0000000000000001 000000001ae569f0
0x0000000019d5f280:   00000000f000100a 0000000000000000
0x0000000019d5f290:   0000000000000000 0000000000000000
0x0000000019d5f2a0:   0000000000000001 0000000062d75571 

Instructions: (pc=0x0000000063408f53)
0x0000000063408f33:   28 48 85 c9 75 07 33 c0 48 83 c4 28 c3 48 89 5c
0x0000000063408f43:   24 20 48 8b 19 48 85 db 74 20 48 83 fb 37 74 1a
0x0000000063408f53:   48 8b 13 48 8b cb ff 52 10 84 c0 74 0d 48 8b c3
0x0000000063408f63:   48 8b 5c 24 20 48 83 c4 28 c3 33 c0 48 8b 5c 24 


Register to memory mapping:

RAX=0x0000000019d5f201 is pointing into the stack for thread: 0x000000001948f000
RBX=0x00ff480000000000 is an unknown value
RCX=0x000000001c3a85a8 is an unknown value
RDX=0x0000000000000000 is an unknown value
RSP=0x0000000019d5f1b0 is pointing into the stack for thread: 0x000000001948f000
RBP=0x000000001c3a85a8 is an unknown value
RSI=0x0000000019d5f2c8 is pointing into the stack for thread: 0x000000001948f000
RDI=0x00000000022f7ef0 is an unknown value
R8 =0x000000001948f000 is a thread
R9 =0x0000000000008000 is an unknown value
R10=0x0000000019524b20 is an unknown value
R11=0x000000001ae1940f is an unknown value
R12=0x0000000000000000 is an unknown value
R13=0x000000001949a0c8 is an unknown value
R14=0x0000000000000000 is an unknown value
R15=0x0000000000000000 is an unknown value


Stack: [0x0000000019c60000,0x0000000019d60000],  sp=0x0000000019d5f1b0,  free space=1020k
Native frames: (J=compiled Java code, j=interpreted, Vv=VM code, C=native code)
V  [jvm.dll+0x128f53]
V  [jvm.dll+0x34bb8d]
C  [jdwp.dll+0x21a15]
C  [jdwp.dll+0x53b3]
C  [jdwp.dll+0x5571]
C  [jdwp.dll+0xf0a8]
C  [jdwp.dll+0x1f2d5]
C  [jdwp.dll+0x1f4aa]
V  [jvm.dll+0x1bbf38]
V  [jvm.dll+0x243ae4]
V  [jvm.dll+0x29a99a]
C  [msvcr100.dll+0x21d9f]
C  [msvcr100.dll+0x21e3b]
C  [KERNEL32.DLL+0x12774]
C  [ntdll.dll+0x70d61]


---------------  P R O C E S S  ---------------

Java Threads: ( => current thread )
  0x000000001c455800 JavaThread "Timer-5" [_thread_blocked, id=14808, stack(0x0000000024380000,0x0000000024480000)]
  0x000000001ce8e000 JavaThread "TimerQueue" daemon [_thread_blocked, id=2992, stack(0x000000001d250000,0x000000001d350000)]
  0x000000001ab8f800 JavaThread "Timer-0" [_thread_blocked, id=7436, stack(0x000000001bf80000,0x000000001c080000)]
  0x000000001a9eb800 JavaThread "org.netbeans.modules.debugger.jpda.visual AWT Access Loop" daemon [_thread_blocked, id=5036, stack(0x000000001b720000,0x000000001b820000)]
  0x00000000022fd800 JavaThread "DestroyJavaVM" [_thread_blocked, id=5348, stack(0x00000000023b0000,0x00000000024b0000)]
  0x000000001a9df800 JavaThread "AWT-EventQueue-0" [_thread_blocked, id=240, stack(0x000000001b620000,0x000000001b720000)]
  0x000000001a973800 JavaThread "AWT-Windows" daemon [_thread_in_native, id=9928, stack(0x000000001b360000,0x000000001b460000)]
  0x000000001a984800 JavaThread "AWT-Shutdown" [_thread_blocked, id=5944, stack(0x000000001b260000,0x000000001b360000)]
  0x000000001a984000 JavaThread "Java2D Disposer" daemon [_thread_blocked, id=8492, stack(0x000000001b160000,0x000000001b260000)]
  0x00000000194fd800 JavaThread "Service Thread" daemon [_thread_blocked, id=8520, stack(0x000000001a360000,0x000000001a460000)]
  0x00000000194b8800 JavaThread "C1 CompilerThread3" daemon [_thread_blocked, id=8800, stack(0x000000001a260000,0x000000001a360000)]
  0x00000000194b8000 JavaThread "C2 CompilerThread2" daemon [_thread_blocked, id=9652, stack(0x000000001a160000,0x000000001a260000)]
  0x00000000194b7000 JavaThread "C2 CompilerThread1" daemon [_thread_blocked, id=8300, stack(0x000000001a060000,0x000000001a160000)]
  0x00000000194b1800 JavaThread "C2 CompilerThread0" daemon [_thread_blocked, id=7532, stack(0x0000000019f60000,0x000000001a060000)]
  0x00000000194a0800 JavaThread "JDWP Command Reader" daemon [_thread_in_native, id=8128, stack(0x0000000019e60000,0x0000000019f60000)]
  0x000000001949d800 JavaThread "JDWP Event Helper Thread" daemon [_thread_blocked, id=2288, stack(0x0000000019d60000,0x0000000019e60000)]
=>0x000000001948f000 JavaThread "JDWP Transport Listener: dt_shmem" daemon [_thread_in_vm, id=3664, stack(0x0000000019c60000,0x0000000019d60000)]
  0x0000000019487000 JavaThread "Attach Listener" daemon [_thread_blocked, id=7784, stack(0x0000000019b60000,0x0000000019c60000)]
  0x0000000019486000 JavaThread "Signal Dispatcher" daemon [_thread_blocked, id=15020, stack(0x0000000019a60000,0x0000000019b60000)]
  0x00000000025ae000 JavaThread "Finalizer" daemon [_thread_blocked, id=12688, stack(0x0000000019860000,0x0000000019960000)]
  0x000000001758d800 JavaThread "Reference Handler" daemon [_thread_blocked, id=2104, stack(0x0000000019360000,0x0000000019460000)]

Other Threads:
  0x0000000017589000 VMThread [stack: 0x0000000019260000,0x0000000019360000] [id=9104]
  0x0000000019501000 WatcherThread [stack: 0x000000001a460000,0x000000001a560000] [id=14928]

VM state:not at safepoint (normal execution)

VM Mutex/Monitor currently owned by a thread: None

Heap:
 PSYoungGen      total 33792K, used 8348K [0x00000000d5b00000, 0x00000000d9780000, 0x0000000100000000)
  eden space 30208K, 27% used [0x00000000d5b00000,0x00000000d6327040,0x00000000d7880000)
  from space 3584K, 0% used [0x00000000d7900000,0x00000000d7900000,0x00000000d7c80000)
  to   space 15872K, 0% used [0x00000000d8800000,0x00000000d8800000,0x00000000d9780000)
 ParOldGen       total 56320K, used 12941K [0x0000000081000000, 0x0000000084700000, 0x00000000d5b00000)
  object space 56320K, 22% used [0x0000000081000000,0x0000000081ca3430,0x0000000084700000)
 Metaspace       used 20764K, capacity 21648K, committed 21884K, reserved 1069056K
  class space    used 2506K, capacity 2691K, committed 2764K, reserved 1048576K

Card table byte_map: [0x0000000011970000,0x0000000011d70000] byte_map_base: 0x0000000011568000

Marking Bits: (ParMarkBitMap*) 0x0000000063af2f70
 Begin Bits: [0x0000000012820000, 0x00000000147e0000)
 End Bits:   [0x00000000147e0000, 0x00000000167a0000)

Polling page: 0x0000000002290000

CodeCache: size=245760Kb used=13533Kb max_used=13533Kb free=232227Kb
 bounds [0x00000000025b0000, 0x0000000003310000, 0x00000000115b0000]
 total_blobs=4494 nmethods=3949 adapters=463
 compilation: enabled

Compilation events (10 events):
Event: 2701.787 Thread 0x00000000194b8800 4635       3       javax.swing.GroupLayout$SequentialGroup::buildResizableList (112 bytes)
Event: 2701.792 Thread 0x00000000194b8800 nmethod 4635 0x0000000002c26090 code [0x0000000002c26380, 0x0000000002c27ea8]
Event: 2701.792 Thread 0x00000000194b8800 4636       3       java.util.ArrayList::sort (48 bytes)
Event: 2701.792 Thread 0x00000000194b8800 nmethod 4636 0x0000000002d4f090 code [0x0000000002d4f220, 0x0000000002d4f498]
Event: 2701.793 Thread 0x00000000194b8800 4637       3       javax.swing.GroupLayout$SpringDelta::<init> (15 bytes)
Event: 2701.793 Thread 0x00000000194b8800 nmethod 4637 0x00000000030fe7d0 code [0x00000000030fe920, 0x00000000030fead0]
Event: 2703.789 Thread 0x00000000194b8800 4638       3       javax.swing.GroupLayout$GapSpring::calculateMaximumSize (20 bytes)
Event: 2703.789 Thread 0x00000000194b8800 nmethod 4638 0x0000000002d80b10 code [0x0000000002d80ca0, 0x0000000002d81150]
Event: 2705.790 Thread 0x00000000194b8800 4639       3       javax.swing.border.SoftBevelBorder::getBorderInsets (10 bytes)
Event: 2705.790 Thread 0x00000000194b8800 nmethod 4639 0x0000000002d44390 code [0x0000000002d44500, 0x0000000002d44750]

GC Heap History (10 events):
Event: 2056.769 GC heap before
{Heap before GC invocations=6 (full 0):
 PSYoungGen      total 37888K, used 37868K [0x00000000d5b00000, 0x00000000d9500000, 0x0000000100000000)
  eden space 32768K, 100% used [0x00000000d5b00000,0x00000000d7b00000,0x00000000d7b00000)
  from space 5120K, 99% used [0x00000000d7b80000,0x00000000d807b0b8,0x00000000d8080000)
  to   space 13312K, 0% used [0x00000000d8800000,0x00000000d8800000,0x00000000d9500000)
 ParOldGen       total 87552K, used 16818K [0x0000000081000000, 0x0000000086580000, 0x00000000d5b00000)
  object space 87552K, 19% used [0x0000000081000000,0x000000008206c8f0,0x0000000086580000)
 Metaspace       used 20597K, capacity 21326K, committed 21552K, reserved 1069056K
  class space    used 2492K, capacity 2668K, committed 2688K, reserved 1048576K
Event: 2056.784 GC heap after
Heap after GC invocations=6 (full 0):
 PSYoungGen      total 45056K, used 11972K [0x00000000d5b00000, 0x00000000d9680000, 0x0000000100000000)
  eden space 31744K, 0% used [0x00000000d5b00000,0x00000000d5b00000,0x00000000d7a00000)
  from space 13312K, 89% used [0x00000000d8800000,0x00000000d93b1350,0x00000000d9500000)
  to   space 14336K, 0% used [0x00000000d7a00000,0x00000000d7a00000,0x00000000d8800000)
 ParOldGen       total 87552K, used 16818K [0x0000000081000000, 0x0000000086580000, 0x00000000d5b00000)
  object space 87552K, 19% used [0x0000000081000000,0x000000008206c8f0,0x0000000086580000)
 Metaspace       used 20597K, capacity 21326K, committed 21552K, reserved 1069056K
  class space    used 2492K, capacity 2668K, committed 2688K, reserved 1048576K
}
Event: 2240.004 GC heap before
{Heap before GC invocations=7 (full 0):
 PSYoungGen      total 45056K, used 43716K [0x00000000d5b00000, 0x00000000d9680000, 0x0000000100000000)
  eden space 31744K, 100% used [0x00000000d5b00000,0x00000000d7a00000,0x00000000d7a00000)
  from space 13312K, 89% used [0x00000000d8800000,0x00000000d93b1350,0x00000000d9500000)
  to   space 14336K, 0% used [0x00000000d7a00000,0x00000000d7a00000,0x00000000d8800000)
 ParOldGen       total 87552K, used 16818K [0x0000000081000000, 0x0000000086580000, 0x00000000d5b00000)
  object space 87552K, 19% used [0x0000000081000000,0x000000008206c8f0,0x0000000086580000)
 Metaspace       used 20599K, capacity 21326K, committed 21552K, reserved 1069056K
  class space    used 2492K, capacity 2668K, committed 2688K, reserved 1048576K
Event: 2240.008 GC heap after
Heap after GC invocations=7 (full 0):
 PSYoungGen      total 45568K, used 674K [0x00000000d5b00000, 0x00000000d9780000, 0x0000000100000000)
  eden space 31232K, 0% used [0x00000000d5b00000,0x00000000d5b00000,0x00000000d7980000)
  from space 14336K, 4% used [0x00000000d7a00000,0x00000000d7aa8ba0,0x00000000d8800000)
  to   space 15360K, 0% used [0x00000000d8880000,0x00000000d8880000,0x00000000d9780000)
 ParOldGen       total 87552K, used 28103K [0x0000000081000000, 0x0000000086580000, 0x00000000d5b00000)
  object space 87552K, 32% used [0x0000000081000000,0x0000000082b71f90,0x0000000086580000)
 Metaspace       used 20599K, capacity 21326K, committed 21552K, reserved 1069056K
  class space    used 2492K, capacity 2668K, committed 2688K, reserved 1048576K
}
Event: 2420.364 GC heap before
{Heap before GC invocations=8 (full 0):
 PSYoungGen      total 45568K, used 31906K [0x00000000d5b00000, 0x00000000d9780000, 0x0000000100000000)
  eden space 31232K, 100% used [0x00000000d5b00000,0x00000000d7980000,0x00000000d7980000)
  from space 14336K, 4% used [0x00000000d7a00000,0x00000000d7aa8ba0,0x00000000d8800000)
  to   space 15360K, 0% used [0x00000000d8880000,0x00000000d8880000,0x00000000d9780000)
 ParOldGen       total 87552K, used 28103K [0x0000000081000000, 0x0000000086580000, 0x00000000d5b00000)
  object space 87552K, 32% used [0x0000000081000000,0x0000000082b71f90,0x0000000086580000)
 Metaspace       used 20599K, capacity 21326K, committed 21552K, reserved 1069056K
  class space    used 2492K, capacity 2668K, committed 2688K, reserved 1048576K
Event: 2420.369 GC heap after
Heap after GC invocations=8 (full 0):
 PSYoungGen      total 46080K, used 361K [0x00000000d5b00000, 0x00000000d9800000, 0x0000000100000000)
  eden space 30720K, 0% used [0x00000000d5b00000,0x00000000d5b00000,0x00000000d7900000)
  from space 15360K, 2% used [0x00000000d8880000,0x00000000d88da668,0x00000000d9780000)
  to   space 15872K, 0% used [0x00000000d7900000,0x00000000d7900000,0x00000000d8880000)
 ParOldGen       total 87552K, used 28480K [0x0000000081000000, 0x0000000086580000, 0x00000000d5b00000)
  object space 87552K, 32% used [0x0000000081000000,0x0000000082bd0150,0x0000000086580000)
 Metaspace       used 20599K, capacity 21326K, committed 21552K, reserved 1069056K
  class space    used 2492K, capacity 2668K, committed 2688K, reserved 1048576K
}
Event: 2442.259 GC heap before
{Heap before GC invocations=9 (full 0):
 PSYoungGen      total 46080K, used 9778K [0x00000000d5b00000, 0x00000000d9800000, 0x0000000100000000)
  eden space 30720K, 30% used [0x00000000d5b00000,0x00000000d6432250,0x00000000d7900000)
  from space 15360K, 2% used [0x00000000d8880000,0x00000000d88da668,0x00000000d9780000)
  to   space 15872K, 0% used [0x00000000d7900000,0x00000000d7900000,0x00000000d8880000)
 ParOldGen       total 87552K, used 28480K [0x0000000081000000, 0x0000000086580000, 0x00000000d5b00000)
  object space 87552K, 32% used [0x0000000081000000,0x0000000082bd0150,0x0000000086580000)
 Metaspace       used 20744K, capacity 21538K, committed 21628K, reserved 1069056K
  class space    used 2509K, capacity 2698K, committed 2764K, reserved 1048576K
Event: 2442.260 GC heap after
Heap after GC invocations=9 (full 0):
 PSYoungGen      total 33792K, used 3491K [0x00000000d5b00000, 0x00000000d9780000, 0x0000000100000000)
  eden space 30208K, 0% used [0x00000000d5b00000,0x00000000d5b00000,0x00000000d7880000)
  from space 3584K, 97% used [0x00000000d7900000,0x00000000d7c68ec0,0x00000000d7c80000)
  to   space 15872K, 0% used [0x00000000d8800000,0x00000000d8800000,0x00000000d9780000)
 ParOldGen       total 87552K, used 28623K [0x0000000081000000, 0x0000000086580000, 0x00000000d5b00000)
  object space 87552K, 32% used [0x0000000081000000,0x0000000082bf3eb8,0x0000000086580000)
 Metaspace       used 20744K, capacity 21538K, committed 21628K, reserved 1069056K
  class space    used 2509K, capacity 2698K, committed 2764K, reserved 1048576K
}
Event: 2442.260 GC heap before
{Heap before GC invocations=10 (full 1):
 PSYoungGen      total 33792K, used 3491K [0x00000000d5b00000, 0x00000000d9780000, 0x0000000100000000)
  eden space 30208K, 0% used [0x00000000d5b00000,0x00000000d5b00000,0x00000000d7880000)
  from space 3584K, 97% used [0x00000000d7900000,0x00000000d7c68ec0,0x00000000d7c80000)
  to   space 15872K, 0% used [0x00000000d8800000,0x00000000d8800000,0x00000000d9780000)
 ParOldGen       total 87552K, used 28623K [0x0000000081000000, 0x0000000086580000, 0x00000000d5b00000)
  object space 87552K, 32% used [0x0000000081000000,0x0000000082bf3eb8,0x0000000086580000)
 Metaspace       used 20744K, capacity 21538K, committed 21628K, reserved 1069056K
  class space    used 2509K, capacity 2698K, committed 2764K, reserved 1048576K
Event: 2442.322 GC heap after
Heap after GC invocations=10 (full 1):
 PSYoungGen      total 33792K, used 0K [0x00000000d5b00000, 0x00000000d9780000, 0x0000000100000000)
  eden space 30208K, 0% used [0x00000000d5b00000,0x00000000d5b00000,0x00000000d7880000)
  from space 3584K, 0% used [0x00000000d7900000,0x00000000d7900000,0x00000000d7c80000)
  to   space 15872K, 0% used [0x00000000d8800000,0x00000000d8800000,0x00000000d9780000)
 ParOldGen       total 56320K, used 12941K [0x0000000081000000, 0x0000000084700000, 0x00000000d5b00000)
  object space 56320K, 22% used [0x0000000081000000,0x0000000081ca3430,0x0000000084700000)
 Metaspace       used 20733K, capacity 21520K, committed 21628K, reserved 1069056K
  class space    used 2506K, capacity 2691K, committed 2764K, reserved 1048576K
}

Deoptimization events (10 events):
Event: 2442.241 Thread 0x000000001a9df800 Uncommon trap: reason=bimorphic action=maybe_recompile pc=0x000000000289df44 method=java.awt.Component.getBackground()Ljava/awt/Color; @ 21
Event: 2442.257 Thread 0x000000001a9df800 Uncommon trap: reason=unstable_if action=reinterpret pc=0x0000000002baefc4 method=java.lang.Class.reflectionData()Ljava/lang/Class$ReflectionData; @ 37
Event: 2442.483 Thread 0x000000001a9df800 Uncommon trap: reason=speculate_class_check action=maybe_recompile pc=0x00000000031d23b8 method=java.awt.Container.findComponentAt(IIZ)Ljava/awt/Component; @ 9
Event: 2442.484 Thread 0x000000001a9df800 Uncommon trap: reason=speculate_class_check action=maybe_recompile pc=0x00000000031d23b8 method=java.awt.Container.findComponentAt(IIZ)Ljava/awt/Component; @ 9
Event: 2442.674 Thread 0x000000001a9df800 Uncommon trap: reason=speculate_class_check action=maybe_recompile pc=0x00000000032e13fc method=java.awt.Container.findComponentAtImpl(IIZ)Ljava/awt/Component; @ 3
Event: 2442.682 Thread 0x000000001a9df800 Uncommon trap: reason=speculate_class_check action=maybe_recompile pc=0x00000000032e13fc method=java.awt.Container.findComponentAtImpl(IIZ)Ljava/awt/Component; @ 3
Event: 2444.742 Thread 0x000000001a9df800 Uncommon trap: reason=speculate_class_check action=maybe_recompile pc=0x00000000032e8f98 method=java.awt.Container.findComponentAtImpl(IIZ)Ljava/awt/Component; @ 3
Event: 2444.775 Thread 0x000000001a9df800 Uncommon trap: reason=speculate_class_check action=maybe_recompile pc=0x00000000032e8f98 method=java.awt.Container.findComponentAtImpl(IIZ)Ljava/awt/Component; @ 3
Event: 2445.619 Thread 0x000000001a9df800 Uncommon trap: reason=null_check action=make_not_entrant pc=0x00000000031cd768 method=sun.java2d.pipe.AlphaPaintPipe.renderPathTile(Ljava/lang/Object;[BIIIIII)V @ 57
Event: 2446.474 Thread 0x000000001a9df800 Uncommon trap: reason=null_check action=make_not_entrant pc=0x0000000002ca0040 method=sun.font.FileFontStrike.getGlyphMetrics(IZ)Ljava/awt/geom/Point2D$Float; @ 139

Internal exceptions (10 events):
Event: 0.864 Thread 0x000000001a9df800 Exception <a 'java/lang/NoSuchMethodError': <clinit>> (0x00000000d67d84e0) thrown at [C:\re\workspace\8-2-build-windows-amd64-cygwin\jdk8u91\6644\hotspot\src\share\vm\prims\jni.cpp, line 1613]
Event: 0.865 Thread 0x000000001a9df800 Exception <a 'java/lang/NoSuchMethodError': <clinit>> (0x00000000d67e3440) thrown at [C:\re\workspace\8-2-build-windows-amd64-cygwin\jdk8u91\6644\hotspot\src\share\vm\prims\jni.cpp, line 1613]
Event: 4.235 Thread 0x000000001a9df800 Exception <a 'java/lang/NoSuchMethodError': <clinit>> (0x00000000d64513a8) thrown at [C:\re\workspace\8-2-build-windows-amd64-cygwin\jdk8u91\6644\hotspot\src\share\vm\prims\jni.cpp, line 1613]
Event: 40.022 Thread 0x000000001a9df800 Exception <a 'java/lang/NoSuchMethodError': <clinit>> (0x00000000d785db98) thrown at [C:\re\workspace\8-2-build-windows-amd64-cygwin\jdk8u91\6644\hotspot\src\share\vm\prims\jni.cpp, line 1613]
Event: 40.022 Thread 0x000000001a9df800 Exception <a 'java/lang/NoSuchMethodError': <clinit>> (0x00000000d785e900) thrown at [C:\re\workspace\8-2-build-windows-amd64-cygwin\jdk8u91\6644\hotspot\src\share\vm\prims\jni.cpp, line 1613]
Event: 62.760 Thread 0x000000001a9df800 Implicit null exception at 0x0000000002e381af to 0x0000000002e39e01
Event: 62.817 Thread 0x000000001a9df800 Implicit null exception at 0x0000000003022040 to 0x00000000030228cc
Event: 300.794 Thread 0x000000001ab8f800 Exception <a 'java/lang/NoSuchMethodError': <clinit>> (0x00000000d6f75180) thrown at [C:\re\workspace\8-2-build-windows-amd64-cygwin\jdk8u91\6644\hotspot\src\share\vm\prims\jni.cpp, line 1613]
Event: 2445.619 Thread 0x000000001a9df800 Implicit null exception at 0x00000000031c8365 to 0x00000000031cd749
Event: 2446.474 Thread 0x000000001a9df800 Implicit null exception at 0x0000000002c9f69a to 0x0000000002ca0019

Events (10 events):
Event: 2700.787 Executing VM operation: BulkRevokeBias
Event: 2700.787 Executing VM operation: BulkRevokeBias done
Event: 2726.229 Executing VM operation: RedefineClasses
Event: 2726.267 Executing VM operation: RedefineClasses done
Event: 2726.278 Executing VM operation: ChangeBreakpoints
Event: 2726.278 Executing VM operation: ChangeBreakpoints done
Event: 2726.370 Executing VM operation: ChangeBreakpoints
Event: 2726.371 Executing VM operation: ChangeBreakpoints done
Event: 2732.329 Executing VM operation: RedefineClasses
Event: 2732.363 Executing VM operation: RedefineClasses done


Dynamic libraries:
0x00007ff6553c0000 - 0x00007ff6553f7000 	C:\Program Files\Java\jdk1.8.0_91\bin\java.exe
0x00007ffe4ab90000 - 0x00007ffe4ad6b000 	C:\WINDOWS\SYSTEM32\ntdll.dll
0x00007ffe2f0c0000 - 0x00007ffe2f0f3000 	C:\Program Files\AVAST Software\Avast\x64\aswhooka.dll
0x00007ffe4a4f0000 - 0x00007ffe4a59e000 	C:\WINDOWS\System32\KERNEL32.DLL
0x00007ffe47e50000 - 0x00007ffe48099000 	C:\WINDOWS\System32\KERNELBASE.dll
0x00007ffe4a440000 - 0x00007ffe4a4e1000 	C:\WINDOWS\System32\ADVAPI32.dll
0x00007ffe49ba0000 - 0x00007ffe49c3d000 	C:\WINDOWS\System32\msvcrt.dll
0x00007ffe4a0b0000 - 0x00007ffe4a109000 	C:\WINDOWS\System32\sechost.dll
0x00007ffe4a110000 - 0x00007ffe4a235000 	C:\WINDOWS\System32\RPCRT4.dll
0x00007ffe4a240000 - 0x00007ffe4a38a000 	C:\WINDOWS\System32\USER32.dll
0x00007ffe47980000 - 0x00007ffe4799e000 	C:\WINDOWS\System32\win32u.dll
0x00007ffe4a390000 - 0x00007ffe4a3b7000 	C:\WINDOWS\System32\GDI32.dll
0x00007ffe47c60000 - 0x00007ffe47de9000 	C:\WINDOWS\System32\gdi32full.dll
0x00007ffe47a50000 - 0x00007ffe47aea000 	C:\WINDOWS\System32\msvcp_win.dll
0x00007ffe47b60000 - 0x00007ffe47c56000 	C:\WINDOWS\System32\ucrtbase.dll
0x00007ffe3a250000 - 0x00007ffe3a4b7000 	C:\WINDOWS\WinSxS\amd64_microsoft.windows.common-controls_6595b64144ccf1df_6.0.15063.0_none_108e4f62dfe5d999\COMCTL32.dll
0x00007ffe48100000 - 0x00007ffe483f9000 	C:\WINDOWS\System32\combase.dll
0x00007ffe47af0000 - 0x00007ffe47b5a000 	C:\WINDOWS\System32\bcryptPrimitives.dll
0x00007ffe4a020000 - 0x00007ffe4a04d000 	C:\WINDOWS\System32\IMM32.DLL
0x0000000063200000 - 0x00000000632d2000 	C:\Program Files\Java\jdk1.8.0_91\jre\bin\msvcr100.dll
0x00000000632e0000 - 0x0000000063b73000 	C:\Program Files\Java\jdk1.8.0_91\jre\bin\server\jvm.dll
0x00007ffe48400000 - 0x00007ffe48408000 	C:\WINDOWS\System32\PSAPI.DLL
0x00007ffe32900000 - 0x00007ffe32909000 	C:\WINDOWS\SYSTEM32\WSOCK32.dll
0x00007ffe49e40000 - 0x00007ffe49eac000 	C:\WINDOWS\System32\WS2_32.dll
0x00007ffe45480000 - 0x00007ffe454a3000 	C:\WINDOWS\SYSTEM32\WINMM.dll
0x00007ffe37840000 - 0x00007ffe3784a000 	C:\WINDOWS\SYSTEM32\VERSION.dll
0x00007ffe45450000 - 0x00007ffe4547b000 	C:\WINDOWS\SYSTEM32\WINMMBASE.dll
0x00007ffe480a0000 - 0x00007ffe480e9000 	C:\WINDOWS\System32\cfgmgr32.dll
0x00000000644e0000 - 0x00000000644ef000 	C:\Program Files\Java\jdk1.8.0_91\jre\bin\verify.dll
0x0000000063190000 - 0x00000000631b9000 	C:\Program Files\Java\jdk1.8.0_91\jre\bin\java.dll
0x0000000062d70000 - 0x0000000062da5000 	C:\Program Files\Java\jdk1.8.0_91\jre\bin\jdwp.dll
0x0000000062d60000 - 0x0000000062d68000 	C:\Program Files\Java\jdk1.8.0_91\jre\bin\npt.dll
0x0000000063170000 - 0x0000000063186000 	C:\Program Files\Java\jdk1.8.0_91\jre\bin\zip.dll
0x00007ffe48700000 - 0x00007ffe49b37000 	C:\WINDOWS\System32\SHELL32.dll
0x00007ffe49c40000 - 0x00007ffe49cea000 	C:\WINDOWS\System32\shcore.dll
0x00007ffe47280000 - 0x00007ffe47972000 	C:\WINDOWS\System32\windows.storage.dll
0x00007ffe4a050000 - 0x00007ffe4a0a1000 	C:\WINDOWS\System32\shlwapi.dll
0x00007ffe47050000 - 0x00007ffe47061000 	C:\WINDOWS\System32\kernel.appcore.dll
0x00007ffe47000000 - 0x00007ffe4704c000 	C:\WINDOWS\System32\powrprof.dll
0x00007ffe47070000 - 0x00007ffe47085000 	C:\WINDOWS\System32\profapi.dll
0x0000000062ea0000 - 0x0000000062eab000 	C:\Program Files\Java\jdk1.8.0_91\jre\bin\dt_shmem.dll
0x0000000062f90000 - 0x0000000063128000 	C:\Program Files\Java\jdk1.8.0_91\jre\bin\awt.dll
0x00007ffe485a0000 - 0x00007ffe4865f000 	C:\WINDOWS\System32\OLEAUT32.dll
0x00007ffe455d0000 - 0x00007ffe4564e000 	C:\WINDOWS\SYSTEM32\apphelp.dll
0x00007ffe45710000 - 0x00007ffe457a5000 	C:\WINDOWS\system32\uxtheme.dll
0x00007ffe49eb0000 - 0x00007ffe4a016000 	C:\WINDOWS\System32\MSCTF.dll
0x00007ffe44c80000 - 0x00007ffe44caa000 	C:\WINDOWS\system32\dwmapi.dll
0x00007ffe49cf0000 - 0x00007ffe49e34000 	C:\WINDOWS\System32\ole32.dll
0x0000000062f40000 - 0x0000000062f87000 	C:\Program Files\Java\jdk1.8.0_91\jre\bin\fontmanager.dll
0x0000000063150000 - 0x000000006316a000 	C:\Program Files\Java\jdk1.8.0_91\jre\bin\net.dll
0x00007ffe46910000 - 0x00007ffe4696c000 	C:\WINDOWS\system32\mswsock.dll
0x0000000063130000 - 0x0000000063141000 	C:\Program Files\Java\jdk1.8.0_91\jre\bin\nio.dll
0x00007ffe3d120000 - 0x00007ffe3d1c6000 	C:\WINDOWS\WinSxS\amd64_microsoft.windows.common-controls_6595b64144ccf1df_5.82.15063.0_none_43a14f3b47f396e6\comctl32.dll
0x0000000062ef0000 - 0x0000000062f32000 	C:\Program Files\Java\jdk1.8.0_91\jre\bin\t2k.dll
0x00007ffe48490000 - 0x00007ffe48598000 	C:\WINDOWS\System32\COMDLG32.dll
0x00007ffe36750000 - 0x00007ffe367da000 	C:\WINDOWS\SYSTEM32\WINSPOOL.DRV
0x00007ffe46bc0000 - 0x00007ffe46be5000 	C:\WINDOWS\SYSTEM32\bcrypt.dll
0x00007ffe48660000 - 0x00007ffe486fe000 	C:\WINDOWS\System32\clbcatq.dll
0x00007ffe45250000 - 0x00007ffe45286000 	C:\WINDOWS\System32\netprofm.dll
0x00007ffe3f910000 - 0x00007ffe3f91e000 	C:\WINDOWS\System32\npmproxy.dll
0x00007ffe31dd0000 - 0x00007ffe32018000 	C:\WINDOWS\system32\spool\DRIVERS\x64\3\E_YUICNYE.DLL
0x00007ffe32060000 - 0x00007ffe320f3000 	C:\WINDOWS\SYSTEM32\mscms.dll
0x00007ffe33d60000 - 0x00007ffe33d75000 	C:\WINDOWS\SYSTEM32\wsnmp32.dll
0x00007ffe46f30000 - 0x00007ffe46f59000 	C:\WINDOWS\SYSTEM32\USERENV.dll
0x00007ffe466b0000 - 0x00007ffe466e7000 	C:\WINDOWS\SYSTEM32\IPHLPAPI.DLL
0x00007ffe32100000 - 0x00007ffe32167000 	C:\WINDOWS\system32\spool\DRIVERS\x64\3\E_YMAINYE.DLL
0x00007ffe41b80000 - 0x00007ffe41d2c000 	C:\WINDOWS\SYSTEM32\WindowsCodecs.dll
0x00007ffe38090000 - 0x00007ffe380d7000 	C:\WINDOWS\system32\dataexchange.dll
0x00007ffe43fb0000 - 0x00007ffe4428f000 	C:\WINDOWS\system32\d3d11.dll
0x00007ffe44b40000 - 0x00007ffe44c62000 	C:\WINDOWS\system32\dcomp.dll
0x00007ffe45e70000 - 0x00007ffe45f14000 	C:\WINDOWS\system32\dxgi.dll
0x00007ffe45a40000 - 0x00007ffe45bb0000 	C:\WINDOWS\system32\twinapi.appcore.dll
0x00007ffe42840000 - 0x00007ffe428c2000 	C:\WINDOWS\System32\TextInputFramework.dll
0x00007ffe40fd0000 - 0x00007ffe412a2000 	C:\WINDOWS\System32\CoreUIComponents.dll
0x00007ffe44290000 - 0x00007ffe44373000 	C:\WINDOWS\System32\CoreMessaging.dll
0x00007ffe46360000 - 0x00007ffe46391000 	C:\WINDOWS\SYSTEM32\ntmarta.dll
0x00007ffe43480000 - 0x00007ffe435b9000 	C:\WINDOWS\SYSTEM32\wintypes.dll
0x00007ffe43a80000 - 0x00007ffe43a95000 	C:\WINDOWS\SYSTEM32\usermgrcli.dll
0x0000000062eb0000 - 0x0000000062eda000 	C:\Program Files\Java\jdk1.8.0_91\jre\bin\dcpr.dll
0x00007ffe365a0000 - 0x00007ffe36749000 	C:\WINDOWS\SYSTEM32\dbghelp.dll

VM Arguments:
jvm_args: -Xdebug -Xrunjdwp:transport=dt_shmem,address=javadebug -Dfile.encoding=UTF-8 
java_command: principal.Aplicacao
java_class_path (initial): C:\Chc\Prg\brModelo\build\classes;C:\Program Files\NetBeans 8.2\java\modules\ext\AbsoluteLayout.jar
Launcher Type: SUN_STANDARD

Environment Variables:
PATH=C:\ProgramData\Oracle\Java\javapath;C:\Program Files (x86)\HP SimplePass\;C:\Windows\system32;C:\Windows;C:\Windows\System32\Wbem;C:\Windows\System32\WindowsPowerShell\v1.0\;C:\Program Files (x86)\NVIDIA Corporation\PhysX\Common;C:\Program Files\SafeNet\Authentication\SAC\x32;C:\Program Files\SafeNet\Authentication\SAC\x64;C:\WINDOWS\system32;C:\WINDOWS;C:\WINDOWS\System32\Wbem;C:\WINDOWS\System32\WindowsPowerShell\v1.0\;C:\Program Files\Microsoft SQL Server\130\Tools\Binn\;C:\Users\chcan\.dnx\bin;C:\adb;C:\Program Files (x86)\Windows Kits\10\Windows Performance Toolkit\;C:\WINDOWS\system32;C:\WINDOWS;C:\WINDOWS\System32\Wbem;C:\WINDOWS\System32\WindowsPowerShell\v1.0\;C:\Users\chcan\.dnx\bin;%USERPROFILE%\AppData\Local\Microsoft\WindowsApps;
USERNAME=chcan
OS=Windows_NT
PROCESSOR_IDENTIFIER=Intel64 Family 6 Model 60 Stepping 3, GenuineIntel



---------------  S Y S T E M  ---------------

OS: Windows 10.0 , 64 bit Build 15063 (10.0.15063.0)

CPU:total 8 (4 cores per cpu, 2 threads per core) family 6 model 60 stepping 3, cmov, cx8, fxsr, mmx, sse, sse2, sse3, ssse3, sse4.1, sse4.2, popcnt, avx, avx2, aes, clmul, erms, lzcnt, ht, tsc, tscinvbit, bmi1, bmi2

Memory: 4k page, physical 8319000k(4095932k free), swap 9629720k(4566044k free)

vm_info: Java HotSpot(TM) 64-Bit Server VM (25.91-b14) for windows-amd64 JRE (1.8.0_91-b14), built on Apr  1 2016 00:58:32 by "java_re" with MS VC++ 10.0 (VS2010)

time: Sat Apr 29 20:33:03 2017
elapsed time: 2732 seconds (0d 0h 45m 32s)

